<?xml version="1.0" encoding="UTF-8"?>
<testng-results skipped="0" failed="0" ignored="0" total="1" passed="1">
  <reporter-output>
  </reporter-output>
  <suite name="Default suite" duration-ms="112324" started-at="2019-12-09T11:55:57 IST" finished-at="2019-12-09T11:57:50 IST">
    <groups>
    </groups>
    <test name="Default test" duration-ms="112324" started-at="2019-12-09T11:55:57 IST" finished-at="2019-12-09T11:57:50 IST">
      <class name="Selenium.Screenshot">
        <test-method status="PASS" signature="beforeTest()[pri:0, instance:Selenium.Screenshot@6f1fba17]" name="beforeTest" is-config="true" duration-ms="107609" started-at="2019-12-09T11:55:57 IST" finished-at="2019-12-09T11:57:45 IST">
          <reporter-output>
          </reporter-output>
        </test-method> <!-- beforeTest -->
        <test-method status="PASS" signature="f()[pri:0, instance:Selenium.Screenshot@6f1fba17]" name="f" duration-ms="4110" started-at="2019-12-09T11:57:46 IST" finished-at="2019-12-09T11:57:50 IST">
          <reporter-output>
          </reporter-output>
        </test-method> <!-- f -->
        <test-method status="PASS" signature="afterTest()[pri:0, instance:Selenium.Screenshot@6f1fba17]" name="afterTest" is-config="true" duration-ms="1" started-at="2019-12-09T11:57:50 IST" finished-at="2019-12-09T11:57:50 IST">
          <reporter-output>
          </reporter-output>
        </test-method> <!-- afterTest -->
      </class> <!-- Selenium.Screenshot -->
    </test> <!-- Default test -->
  </suite> <!-- Default suite -->
</testng-results>
